<?xml version="1.0" encoding="UTF-8"?>
<!-- Generated by org.testng.reporters.JUnitReportReporter -->
<testsuite hostname="LQQA004" name="com.blemall.smokeTest.testcases.TestCase_SinglePage" tests="1" failures="0" timestamp="10 Dec 2015 09:35:19 GMT" time="44.486" errors="0">
  <testcase name="goodPromotion" time="44.486" classname="com.blemall.smokeTest.testcases.TestCase_SinglePage"/>
</testsuite> <!-- com.blemall.smokeTest.testcases.TestCase_SinglePage -->
