<?xml version="1.0" encoding="UTF-8"?>
<!-- Generated by org.testng.reporters.JUnitReportReporter -->
<testsuite hostname="LQQA004" name="com.blemall.smokeTest.testcases.TestCase_01_Login" tests="3" failures="0" timestamp="7 Mar 2016 02:01:29 GMT" time="140.707" errors="0">
  <testcase name="usernameNotExist" time="65.396" classname="com.blemall.smokeTest.testcases.TestCase_01_Login"/>
  <testcase name="loginSuccess" time="41.610" classname="com.blemall.smokeTest.testcases.TestCase_01_Login"/>
  <testcase name="wrongPasswordAlert" time="33.701" classname="com.blemall.smokeTest.testcases.TestCase_01_Login"/>
</testsuite> <!-- com.blemall.smokeTest.testcases.TestCase_01_Login -->
