<?xml version="1.0" encoding="UTF-8"?>
<!-- Generated by org.testng.reporters.JUnitReportReporter -->
<testsuite hostname="LQQA004" name="com.blemall.smokeTest.testcases.TestCase_05_ChargeFee" tests="6" failures="0" timestamp="7 Mar 2016 04:15:27 GMT" time="188.837" errors="0">
  <testcase name="freshGoodsNoDeliveryFee" time="29.061" classname="com.blemall.smokeTest.testcases.TestCase_05_ChargeFee"/>
  <testcase name="normalGoodsScenario2" time="30.636" classname="com.blemall.smokeTest.testcases.TestCase_05_ChargeFee"/>
  <testcase name="freshGoodsDeliveryFee" time="29.560" classname="com.blemall.smokeTest.testcases.TestCase_05_ChargeFee"/>
  <testcase name="normalGoodsScenario3" time="29.900" classname="com.blemall.smokeTest.testcases.TestCase_05_ChargeFee"/>
  <testcase name="normalGoodsScenario1" time="32.996" classname="com.blemall.smokeTest.testcases.TestCase_05_ChargeFee"/>
  <testcase name="normalGoodsScenario4" time="36.684" classname="com.blemall.smokeTest.testcases.TestCase_05_ChargeFee"/>
</testsuite> <!-- com.blemall.smokeTest.testcases.TestCase_05_ChargeFee -->
