<?xml version="1.0" encoding="UTF-8"?>
<!-- Generated by org.testng.reporters.JUnitReportReporter -->
<testsuite hostname="LQQA004" name="TestScreen" tests="1" failures="0" timestamp="10 Dec 2015 01:33:22 GMT" time="9.581" errors="0">
  <testcase name="takeScreen" time="9.581" classname="TestScreen"/>
</testsuite> <!-- TestScreen -->
